<?xml version="1.0" encoding="UTF-8"?>
<!-- Generated by org.testng.reporters.JUnitReportReporter -->
<testsuite hostname="DESKTOP-RD9UV13" failures="0" tests="1" name="practice.Practice" time="0.027" errors="0" timestamp="2023-06-30T14:14:44 IST" skipped="0">
  <testcase classname="practice.Practice" name="json" time="0.027"/>
  <system-out/>
</testsuite> <!-- practice.Practice -->
