<?xml version="1.0" encoding="UTF-8"?>
<!-- Generated by org.testng.reporters.JUnitReportReporter -->
<testsuite hostname="DESKTOP-RD9UV13" failures="0" tests="1" name="com.Tms.BookAndCancelTecketTest" time="30.280" errors="0" timestamp="2023-07-10T13:23:10 IST" skipped="0">
  <testcase classname="com.Tms.BookAndCancelTecketTest" name="create3" time="30.280"/>
  <system-out>
    <![CDATA[User needs to wait for 24hrs to cancel the button]]>
  </system-out>
</testsuite> <!-- com.Tms.BookAndCancelTecketTest -->
