<?xml version="1.0" encoding="UTF-8"?>
<!-- Generated by org.testng.reporters.JUnitReportReporter -->
<testsuite hostname="DESKTOP-RD9UV13" failures="0" tests="3" name="practice.DataProvide1" time="0.036" errors="0" timestamp="2023-07-06T13:39:58 IST" skipped="0">
  <testcase classname="practice.DataProvide1" name="dataExecute" time="0.002"/>
  <system-out/>
  <testcase classname="practice.DataProvide1" name="dataExecute" time="0.033"/>
  <system-out/>
  <testcase classname="practice.DataProvide1" name="dataExecute" time="0.001"/>
  <system-out/>
</testsuite> <!-- practice.DataProvide1 -->
