<?xml version="1.0" encoding="UTF-8"?>
<!-- Generated by org.testng.reporters.JUnitReportReporter -->
<testsuite hostname="DESKTOP-RD9UV13" failures="0" tests="1" name="com.Tms.IssueDateTest" time="30.391" errors="0" timestamp="2023-07-03T09:56:16 IST" skipped="0">
  <testcase classname="com.Tms.IssueDateTest" name="create4" time="30.391"/>
  <system-out/>
</testsuite> <!-- com.Tms.IssueDateTest -->
