<?xml version="1.0" encoding="UTF-8"?>
<!-- Generated by org.testng.reporters.JUnitReportReporter -->
<testsuite hostname="DESKTOP-RD9UV13" failures="0" tests="1" name="practice.InsertDataInJDBC" time="0.662" errors="0" timestamp="2023-06-30T14:54:43 IST" skipped="0">
  <testcase classname="practice.InsertDataInJDBC" name="insertData" time="0.662"/>
  <system-out/>
</testsuite> <!-- practice.InsertDataInJDBC -->
