<?xml version="1.0" encoding="UTF-8"?>
<!-- Generated by org.testng.reporters.JUnitReportReporter -->
<testsuite hostname="DESKTOP-RD9UV13" failures="0" tests="1" name="com.Tms.BookingTest" time="71.194" errors="0" timestamp="2023-07-01T15:56:03 IST" skipped="0">
  <testcase classname="com.Tms.BookingTest" name="create1" time="71.194"/>
  <system-out/>
</testsuite> <!-- com.Tms.BookingTest -->
