<?xml version="1.0" encoding="UTF-8"?>
<!-- Generated by org.testng.reporters.JUnitReportReporter -->
<testsuite hostname="DESKTOP-RD9UV13" failures="0" tests="1" name="com.Tms.BookingCountTest" time="114.095" errors="0" timestamp="2023-07-10T13:23:10 IST" skipped="0">
  <testcase classname="com.Tms.BookingCountTest" name="create4" time="114.095"/>
  <system-out>
    <![CDATA[Booking is updated]]>
  </system-out>
</testsuite> <!-- com.Tms.BookingCountTest -->
