<?xml version="1.0" encoding="UTF-8"?>
<!-- Generated by org.testng.reporters.JUnitReportReporter -->
<testsuite hostname="DESKTOP-RD9UV13" failures="0" tests="1" name="com.Tms.Test1test" time="70.235" errors="0" timestamp="2023-06-29T11:50:12 IST" skipped="0">
  <testcase classname="com.Tms.Test1test" name="create" time="70.235"/>
  <system-out/>
</testsuite> <!-- com.Tms.Test1test -->
