<?xml version="1.0" encoding="UTF-8"?>
<!-- Generated by org.testng.reporters.JUnitReportReporter -->
<testsuite hostname="DESKTOP-RD9UV13" failures="0" tests="1" name="com.Tms.Test2test" time="31.133" errors="0" timestamp="2023-06-29T12:41:52 IST" skipped="0">
  <testcase classname="com.Tms.Test2test" name="create2" time="31.133"/>
  <system-out/>
</testsuite> <!-- com.Tms.Test2test -->
