<?xml version="1.0" encoding="UTF-8"?>
<!-- Generated by org.testng.reporters.JUnitReportReporter -->
<testsuite hostname="DESKTOP-RD9UV13" failures="0" tests="2" name="com.TYSS.Renaa_TMS_Hybrid.JavaUtility" time="0.026" errors="0" timestamp="2023-07-01T14:38:30 IST" skipped="0">
  <testcase classname="com.TYSS.Renaa_TMS_Hybrid.JavaUtility" name="currectDate" time="0.022"/>
  <system-out/>
  <testcase classname="com.TYSS.Renaa_TMS_Hybrid.JavaUtility" name="toDate" time="0.004"/>
  <system-out/>
</testsuite> <!-- com.TYSS.Renaa_TMS_Hybrid.JavaUtility -->
