<?xml version="1.0" encoding="UTF-8"?>
<!-- Generated by org.testng.reporters.JUnitReportReporter -->
<testsuite hostname="DESKTOP-RD9UV13" failures="0" tests="1" name="com.Tms.RaiseIssueTest" time="105.407" errors="0" timestamp="2023-07-10T13:38:04 IST" skipped="0">
  <testcase classname="com.Tms.RaiseIssueTest" name="create2" time="105.407"/>
  <system-out>
    <![CDATA[Issue is raised successfully]]>
  </system-out>
</testsuite> <!-- com.Tms.RaiseIssueTest -->
