<?xml version="1.0" encoding="UTF-8"?>
<!-- Generated by org.testng.reporters.JUnitReportReporter -->
<testsuite hostname="DESKTOP-RD9UV13" failures="0" tests="2" name="com.Tms.Date" time="0.186" errors="0" timestamp="2023-06-30T13:59:54 IST" skipped="0">
  <testcase classname="com.Tms.Date" name="toDate" time="0.005"/>
  <system-out/>
  <testcase classname="com.Tms.Date" name="fromDate" time="0.181"/>
  <system-out/>
</testsuite> <!-- com.Tms.Date -->
